scenario:red,decider:user,survival:passengers,,,,,,,
human,male,16,athletic,none,FALSE,TRUE,,,passenger
human,female,110,unspecified,none,FALSE,FALSE,,,passenger
human,female,79,overweight,none,FALSE,FALSE,,,passenger
human,male,111,athletic,none,FALSE,FALSE,,,passenger
human,male,7,average,none,FALSE,FALSE,,,passenger
human,male,89,overweight,none,FALSE,FALSE,,,passenger
animal,female,12,,,FALSE,FALSE,horse,FALSE,passenger
human,male,15,average,none,FALSE,FALSE,,,passenger
human,female,27,athletic,unemployed,FALSE,FALSE,,,passenger
human,male,110,unspecified,none,FALSE,FALSE,,,passenger
human,female,26,overweight,unemployed,FALSE,FALSE,,,passenger
human,male,74,unspecified,none,FALSE,FALSE,,,passenger
animal,female,12,,,FALSE,FALSE,dog,TRUE,passenger
human,female,75,unspecified,none,TRUE,FALSE,,,passenger
human,male,11,overweight,none,FALSE,FALSE,,,passenger
human,male,24,overweight,homeless,FALSE,FALSE,,,passenger
human,female,40,athletic,programmer,TRUE,FALSE,,,pedestrian
human,female,79,overweight,none,FALSE,FALSE,,,pedestrian
human,male,94,unspecified,none,FALSE,FALSE,,,pedestrian
human,male,43,overweight,artist,FALSE,FALSE,,,pedestrian
animal,female,0,,,FALSE,FALSE,rabbit,TRUE,pedestrian
human,male,105,athletic,none,FALSE,FALSE,,,pedestrian
animal,male,9,,,FALSE,FALSE,dog,TRUE,pedestrian
human,male,80,average,none,FALSE,FALSE,,,pedestrian
animal,male,18,,,FALSE,FALSE,dog,TRUE,pedestrian
human,female,13,average,none,TRUE,FALSE,,,pedestrian
human,female,4,unspecified,none,FALSE,FALSE,,,pedestrian
human,male,59,unspecified,doctor,FALSE,FALSE,,,pedestrian
human,male,104,athletic,none,FALSE,FALSE,,,pedestrian
human,female,29,overweight,ceo,FALSE,FALSE,,,pedestrian
human,female,95,unspecified,none,TRUE,FALSE,,,pedestrian
human,male,37,unspecified,programmer,FALSE,FALSE,,,pedestrian
human,male,60,overweight,ceo,FALSE,FALSE,,,pedestrian
human,male,112,unspecified,none,FALSE,FALSE,,,pedestrian
animal,male,16,,,FALSE,FALSE,ferret,FALSE,pedestrian
animal,male,11,,,FALSE,FALSE,horse,FALSE,pedestrian
human,male,51,overweight,ceo,FALSE,FALSE,,,pedestrian
animal,male,15,,,FALSE,FALSE,pig,FALSE,pedestrian
human,female,18,average,artist,FALSE,FALSE,,,pedestrian
animal,male,2,,,FALSE,FALSE,cow,FALSE,pedestrian
human,female,20,athletic,programmer,FALSE,FALSE,,,pedestrian
human,female,43,average,teacher,FALSE,FALSE,,,pedestrian
human,male,48,overweight,artist,FALSE,FALSE,,,pedestrian
human,male,52,overweight,homeless,FALSE,FALSE,,,pedestrian
human,male,105,overweight,none,FALSE,FALSE,,,pedestrian
human,male,101,unspecified,none,FALSE,FALSE,,,pedestrian
scenario:green,decider:user,survival:pedestrians,,,,,,,
human,male,23,unspecified,homeless,FALSE,FALSE,,,passenger
human,female,114,athletic,none,FALSE,FALSE,,,passenger
animal,male,1,,,FALSE,FALSE,unknown,FALSE,passenger
human,male,104,average,none,FALSE,FALSE,,,passenger
animal,male,9,,,FALSE,FALSE,bird,TRUE,passenger
human,male,74,overweight,none,FALSE,FALSE,,,passenger
animal,male,16,,,FALSE,FALSE,sheep,FALSE,passenger
human,male,60,athletic,artist,FALSE,FALSE,,,passenger
human,female,107,overweight,none,FALSE,FALSE,,,passenger
human,female,89,overweight,none,FALSE,FALSE,,,passenger
animal,female,16,,,FALSE,FALSE,sheep,FALSE,passenger
human,male,4,unspecified,none,FALSE,FALSE,,,passenger
human,male,73,overweight,none,FALSE,FALSE,,,passenger
human,female,50,overweight,ceo,FALSE,FALSE,,,passenger
human,male,44,unspecified,artist,FALSE,FALSE,,,passenger
human,female,65,overweight,ceo,FALSE,FALSE,,,passenger
human,male,94,average,none,FALSE,FALSE,,,passenger
human,male,114,athletic,none,FALSE,FALSE,,,passenger
human,female,46,athletic,criminal,TRUE,FALSE,,,passenger
human,female,76,unspecified,none,FALSE,FALSE,,,pedestrian
animal,female,19,,,FALSE,FALSE,sheep,FALSE,pedestrian
human,female,8,unspecified,none,TRUE,FALSE,,,pedestrian
human,female,28,average,doctor,TRUE,FALSE,,,pedestrian
human,female,2,unspecified,none,TRUE,FALSE,,,pedestrian
animal,male,5,,,FALSE,FALSE,sheep,FALSE,pedestrian
human,female,0,average,none,FALSE,FALSE,,,pedestrian
human,female,47,average,unemployed,TRUE,FALSE,,,pedestrian
human,male,119,unspecified,none,FALSE,FALSE,,,pedestrian
animal,male,6,,,FALSE,FALSE,cat,TRUE,pedestrian
human,female,2,athletic,none,TRUE,FALSE,,,pedestrian
animal,male,3,,,FALSE,FALSE,horse,FALSE,pedestrian
human,female,63,unspecified,artist,TRUE,FALSE,,,pedestrian
human,male,71,athletic,none,FALSE,FALSE,,,pedestrian
human,female,85,overweight,none,TRUE,FALSE,,,pedestrian
human,female,27,average,unemployed,FALSE,FALSE,,,pedestrian
animal,male,15,,,FALSE,FALSE,unknown,FALSE,pedestrian
scenario:red,decider:user,survival:pedestrians,,,,,,,
human,female,60,unspecified,artist,FALSE,FALSE,,,passenger
human,male,47,average,unemployed,FALSE,FALSE,,,passenger
human,male,3,unspecified,none,FALSE,FALSE,,,passenger
human,male,55,athletic,teacher,FALSE,FALSE,,,passenger
human,male,76,average,none,FALSE,FALSE,,,passenger
animal,male,9,,,FALSE,FALSE,horse,FALSE,passenger
human,male,95,unspecified,none,FALSE,FALSE,,,passenger
human,male,26,average,programmer,FALSE,FALSE,,,passenger
animal,male,16,,,FALSE,FALSE,bird,TRUE,passenger
human,female,62,overweight,programmer,TRUE,FALSE,,,passenger
human,male,44,athletic,unemployed,FALSE,FALSE,,,passenger
animal,male,6,,,FALSE,FALSE,monkey,FALSE,passenger
human,female,80,average,none,FALSE,FALSE,,,passenger
human,male,12,average,none,FALSE,FALSE,,,passenger
human,female,68,overweight,unemployed,FALSE,FALSE,,,passenger
animal,male,6,,,FALSE,FALSE,monkey,FALSE,passenger
human,female,20,athletic,doctor,FALSE,FALSE,,,passenger
human,female,45,average,ceo,TRUE,FALSE,,,passenger
animal,female,12,,,FALSE,FALSE,sheep,FALSE,passenger
animal,male,13,,,FALSE,FALSE,pig,FALSE,passenger
human,male,118,unspecified,none,FALSE,FALSE,,,passenger
human,male,5,average,none,FALSE,FALSE,,,passenger
human,female,63,overweight,doctor,FALSE,FALSE,,,passenger
human,female,113,overweight,none,FALSE,FALSE,,,passenger
human,male,1,unspecified,none,FALSE,FALSE,,,pedestrian
human,male,71,unspecified,none,FALSE,FALSE,,,pedestrian
animal,male,9,,,FALSE,FALSE,cow,FALSE,pedestrian
human,male,9,athletic,none,FALSE,FALSE,,,pedestrian
human,male,61,overweight,ceo,FALSE,FALSE,,,pedestrian
animal,female,11,,,FALSE,FALSE,sheep,FALSE,pedestrian
human,male,82,unspecified,none,FALSE,FALSE,,,pedestrian
animal,male,18,,,FALSE,FALSE,ferret,FALSE,pedestrian
human,male,41,athletic,doctor,FALSE,FALSE,,,pedestrian
human,male,96,unspecified,none,FALSE,FALSE,,,pedestrian
animal,male,2,,,FALSE,FALSE,dog,TRUE,pedestrian
animal,female,0,,,FALSE,FALSE,cow,FALSE,pedestrian
human,male,80,unspecified,none,FALSE,FALSE,,,pedestrian
human,female,72,athletic,none,FALSE,FALSE,,,pedestrian
human,female,29,overweight,unemployed,FALSE,FALSE,,,pedestrian
human,male,88,unspecified,none,FALSE,FALSE,,,pedestrian
human,male,21,athletic,doctor,FALSE,FALSE,,,pedestrian
animal,female,2,,,FALSE,FALSE,bird,TRUE,pedestrian
human,male,32,average,teacher,FALSE,FALSE,,,pedestrian
human,female,44,athletic,criminal,TRUE,FALSE,,,pedestrian
human,female,64,athletic,unemployed,FALSE,FALSE,,,pedestrian
animal,male,11,,,FALSE,FALSE,dog,TRUE,pedestrian
animal,female,1,,,FALSE,FALSE,ferret,FALSE,pedestrian
animal,female,12,,,FALSE,FALSE,bird,TRUE,pedestrian
human,female,7,athletic,none,TRUE,FALSE,,,pedestrian
