scenario:green,decider:algorithm,survival:pedestrians,,,,,,,
human,female,22,overweight,programmer,TRUE,TRUE,,,passenger
human,male,13,overweight,none,FALSE,FALSE,,,passenger
human,male,22,athletic,ceo,FALSE,FALSE,,,passenger
human,male,32,overweight,unemployed,FALSE,FALSE,,,passenger
animal,female,6,,,FALSE,FALSE,rabbit,TRUE,passenger
animal,female,18,,,FALSE,FALSE,dog,TRUE,passenger
human,male,103,athletic,none,FALSE,FALSE,,,passenger
human,male,35,average,criminal,FALSE,FALSE,,,passenger
human,female,104,average,none,TRUE,FALSE,,,passenger
animal,female,5,,,FALSE,FALSE,unknown,FALSE,passenger
animal,male,14,,,FALSE,FALSE,monkey,FALSE,passenger
animal,female,2,,,FALSE,FALSE,sheep,FALSE,passenger
human,male,77,unspecified,none,FALSE,FALSE,,,passenger
human,female,24,average,programmer,FALSE,FALSE,,,passenger
human,male,92,overweight,none,FALSE,FALSE,,,passenger
human,female,40,average,doctor,TRUE,FALSE,,,passenger
human,female,25,overweight,teacher,FALSE,FALSE,,,passenger
human,female,71,athletic,none,TRUE,FALSE,,,passenger
human,female,17,athletic,artist,TRUE,FALSE,,,passenger
human,female,113,average,none,FALSE,FALSE,,,pedestrian
human,female,105,athletic,none,TRUE,FALSE,,,pedestrian
human,male,108,unspecified,none,FALSE,FALSE,,,pedestrian
human,male,75,overweight,none,FALSE,FALSE,,,pedestrian
human,male,74,overweight,none,FALSE,FALSE,,,pedestrian
human,male,46,athletic,doctor,FALSE,FALSE,,,pedestrian
human,female,41,unspecified,programmer,FALSE,FALSE,,,pedestrian
human,male,48,average,doctor,FALSE,FALSE,,,pedestrian
animal,male,13,,,FALSE,FALSE,rabbit,TRUE,pedestrian
human,female,108,overweight,none,FALSE,FALSE,,,pedestrian
animal,male,14,,,FALSE,FALSE,horse,FALSE,pedestrian
human,male,43,unspecified,doctor,FALSE,FALSE,,,pedestrian
human,male,95,overweight,none,FALSE,FALSE,,,pedestrian
human,female,67,athletic,homeless,FALSE,FALSE,,,pedestrian
human,male,42,athletic,teacher,FALSE,FALSE,,,pedestrian
human,male,1,average,none,FALSE,FALSE,,,pedestrian
human,female,41,overweight,unemployed,FALSE,FALSE,,,pedestrian
human,female,10,unspecified,none,TRUE,FALSE,,,pedestrian
human,male,113,average,none,FALSE,FALSE,,,pedestrian
human,female,23,average,teacher,TRUE,FALSE,,,pedestrian
human,female,117,average,none,TRUE,FALSE,,,pedestrian
human,female,65,athletic,homeless,FALSE,FALSE,,,pedestrian
human,female,79,overweight,none,TRUE,FALSE,,,pedestrian
human,female,74,overweight,none,FALSE,FALSE,,,pedestrian
human,female,28,average,homeless,FALSE,FALSE,,,pedestrian
human,male,13,overweight,none,FALSE,FALSE,,,pedestrian
human,male,75,athletic,none,FALSE,FALSE,,,pedestrian
scenario:green,decider:algorithm,survival:passengers,,,,,,,
human,male,41,overweight,doctor,FALSE,FALSE,,,passenger
human,female,41,athletic,criminal,FALSE,FALSE,,,passenger
animal,male,5,,,FALSE,FALSE,ferret,FALSE,passenger
animal,male,8,,,FALSE,FALSE,sheep,FALSE,passenger
human,female,7,athletic,none,TRUE,FALSE,,,passenger
human,female,37,overweight,doctor,FALSE,FALSE,,,passenger
human,female,81,overweight,none,FALSE,FALSE,,,passenger
human,male,98,unspecified,none,FALSE,FALSE,,,passenger
human,male,105,overweight,none,FALSE,FALSE,,,passenger
animal,male,12,,,FALSE,FALSE,pig,FALSE,passenger
human,male,20,unspecified,unemployed,FALSE,FALSE,,,passenger
human,male,98,athletic,none,FALSE,FALSE,,,passenger
human,female,11,unspecified,none,FALSE,FALSE,,,passenger
human,male,28,athletic,ceo,FALSE,FALSE,,,passenger
human,female,2,athletic,none,TRUE,FALSE,,,passenger
human,male,10,overweight,none,FALSE,FALSE,,,passenger
human,female,8,average,none,FALSE,FALSE,,,passenger
animal,male,1,,,FALSE,FALSE,rabbit,TRUE,passenger
human,male,85,athletic,none,FALSE,FALSE,,,passenger
animal,male,12,,,FALSE,FALSE,dog,TRUE,passenger
human,male,38,average,artist,FALSE,FALSE,,,passenger
human,male,25,average,artist,FALSE,FALSE,,,passenger
human,female,80,overweight,none,FALSE,FALSE,,,passenger
human,male,41,unspecified,artist,FALSE,FALSE,,,passenger
animal,female,7,,,FALSE,FALSE,rabbit,TRUE,passenger
human,female,33,overweight,criminal,FALSE,FALSE,,,passenger
human,female,24,average,teacher,TRUE,FALSE,,,passenger
human,female,82,athletic,none,FALSE,FALSE,,,passenger
human,female,42,athletic,artist,FALSE,FALSE,,,pedestrian
human,male,90,average,none,FALSE,FALSE,,,pedestrian
human,female,60,athletic,doctor,FALSE,FALSE,,,pedestrian
human,female,57,unspecified,artist,TRUE,FALSE,,,pedestrian
human,female,23,athletic,unemployed,FALSE,FALSE,,,pedestrian
animal,female,8,,,FALSE,FALSE,pig,FALSE,pedestrian
animal,female,4,,,FALSE,FALSE,dog,TRUE,pedestrian
scenario:green,decider:algorithm,survival:pedestrians,,,,,,,
human,female,40,athletic,doctor,FALSE,FALSE,,,passenger
human,male,63,athletic,artist,FALSE,FALSE,,,passenger
human,male,100,overweight,none,FALSE,FALSE,,,pedestrian
animal,female,8,,,FALSE,FALSE,rabbit,TRUE,pedestrian
human,male,59,unspecified,criminal,FALSE,FALSE,,,pedestrian
human,male,89,overweight,none,FALSE,FALSE,,,pedestrian
animal,male,11,,,FALSE,FALSE,ferret,FALSE,pedestrian
human,female,73,average,none,FALSE,FALSE,,,pedestrian
human,male,49,unspecified,homeless,FALSE,FALSE,,,pedestrian
human,female,67,overweight,criminal,TRUE,FALSE,,,pedestrian
animal,male,9,,,FALSE,FALSE,unknown,FALSE,pedestrian
human,male,49,unspecified,ceo,FALSE,FALSE,,,pedestrian
human,female,106,overweight,none,FALSE,FALSE,,,pedestrian
